BLASTP 2.3.0+


Stephen F. Altschul, Thomas L. Madden, Alejandro
A. Schaffer, Jinghui Zhang, Zheng Zhang, Webb Miller, and
David J. Lipman (1997), "Gapped BLAST and PSI-BLAST: a new
generation of protein database search programs", Nucleic
Acids Res. 25:3389-3402.

Query= NC_000017-1R Homo sapiens chromosome 17, GRCh38.p2 Primary
Assembly.
       (5,850 letters)

Database: All non-redundant GenBank CDStranslations+PDB+SwissProt+PIR+PRF excluding environmental samplesfrom WGS projects
           77,306,371 sequences; 28,104,191,422 total letters

                                                                 Score       E
Sequences producing significant alignments:                      (bits)    value


  Database: All non-redundant GenBank CDStranslations+PDB+SwissProt+PIR+PRF excluding environmental samplesfrom WGS projects
    Posted date:  Nov 21, 2015  1:45 AM
	Number of letters in database: 28,104,191,422
	Number of sequences in database: 77,306,371

  Matrix: BLOSUM62
  Gap Penalties Existence: 11, Extension: 1
expect: 1e-10
allowgaps: yes
Search Statistics
A: 40
Hits_to_DB: 13,111,265,314
S1: 40
S1_bits: 20.0
S2: 195
S2_bits: 79.7
T: 11
X1: 15
X1_bits: 7.1
X2: 38
X2_bits: 14.6
X3: 64
X3_bits: 24.7
dbentries: 77,306,371
dbletters: 28,104,191,422
effectivedblength: 14,575,576,497
effectivespace: 82,716,396,620,475
effectivespaceused: 82,716,396,620,475
entropy: 0.489
entropy_gapped: 0.140
kappa: 0.143
kappa_gapped: 0.0410
lambda: 0.330
lambda_gapped: 0.267
length_adjustment: 175
num_extensions: 491,774,885
num_successful_extensions: 1,081,311
number_of_hsps_better_than_expect_value_cutoff_without_gapping: 0
number_of_hsps_gapped: 1,081,312
number_of_hsps_successfully_gapped: 0
querylength: 5,675
seqs_better_than_1e-10: 0


